<?xml version="1.0" encoding="UTF-8"?>
<!-- Generated by org.testng.reporters.JUnitReportReporter -->
<testsuite hostname="DESKTOP-M37JU9N" failures="0" tests="4" name="testng.com.Employee" time="0.033" errors="0" timestamp="2022-09-27T15:18:47 IST" skipped="0">
  <testcase classname="testng.com.Employee" name="tc4" time="0.004"/>
  <system-out/>
  <testcase classname="testng.com.Employee" name="tc1" time="0.021"/>
  <system-out/>
  <testcase classname="testng.com.Employee" name="tc2" time="0.003"/>
  <system-out/>
  <testcase classname="testng.com.Employee" name="tc3" time="0.005"/>
  <system-out/>
</testsuite> <!-- testng.com.Employee -->
