<?xml version="1.0" encoding="UTF-8"?>
<!-- Generated by org.testng.reporters.JUnitReportReporter -->
<testsuite hostname="DESKTOP-M37JU9N" failures="0" tests="4" name="testng.com.Client" time="0.019" errors="0" timestamp="2022-09-27T15:18:47 IST" skipped="0">
  <testcase classname="testng.com.Client" name="tc22" time="0.004"/>
  <system-out/>
  <testcase classname="testng.com.Client" name="tc33" time="0.004"/>
  <system-out/>
  <testcase classname="testng.com.Client" name="tc44" time="0.005"/>
  <system-out/>
  <testcase classname="testng.com.Client" name="tc11" time="0.006"/>
  <system-out/>
</testsuite> <!-- testng.com.Client -->
