<?xml version="1.0" encoding="UTF-8"?>
<!-- Generated by org.testng.reporters.JUnitReportReporter -->
<testsuite hostname="DESKTOP-M37JU9N" failures="0" tests="3" name="org.ngconcept.TestNgOrder" time="0.021" errors="0" timestamp="2022-09-05T18:54:01 IST" skipped="0">
  <testcase classname="org.ngconcept.TestNgOrder" name="tc1" time="0.011"/>
  <system-out/>
  <testcase classname="org.ngconcept.TestNgOrder" name="tc3" time="0.005"/>
  <system-out/>
  <testcase classname="org.ngconcept.TestNgOrder" name="tc2" time="0.005"/>
  <system-out/>
</testsuite> <!-- org.ngconcept.TestNgOrder -->
